# JRE version: OpenJDK Runtime Environment (8.0_242-b01) (build 1.8.0_242-release-1644-b01)
# Java VM: OpenJDK 64-Bit Server VM (25.242-b01 mixed mode windows-amd64 compressed oops)
Heap:
 PSYoungGen      total 382976K, used 50423K [0x00000000d5580000, 0x00000000f4100000, 0x0000000100000000)
  eden space 304128K, 16% used [0x00000000d5580000,0x00000000d86bdef8,0x00000000e7e80000)
  from space 78848K, 0% used [0x00000000ef400000,0x00000000ef400000,0x00000000f4100000)
  to   space 68096K, 0% used [0x00000000e7e80000,0x00000000e7e80000,0x00000000ec100000)
 ParOldGen       total 235008K, used 190934K [0x0000000080000000, 0x000000008e580000, 0x00000000d5580000)
  object space 235008K, 81% used [0x0000000080000000,0x000000008ba75b48,0x000000008e580000)
 Metaspace       used 113676K, capacity 119684K, committed 121176K, reserved 1155072K
  class space    used 14506K, capacity 15646K, committed 16000K, reserved 1048576K
GC Heap History (10 events):
Event: 207.153 GC heap before
{Heap before GC invocations=23 (full 4):
 PSYoungGen      total 305152K, used 305151K [0x00000000d5580000, 0x00000000f0d00000, 0x0000000100000000)
  eden space 265216K, 100% used [0x00000000d5580000,0x00000000e5880000,0x00000000e5880000)
  from space 39936K, 99% used [0x00000000e9d00000,0x00000000ec3ffcb0,0x00000000ec400000)
  to   space 70144K, 0% used [0x00000000e5880000,0x00000000e5880000,0x00000000e9d00000)
 ParOldGen       total 222208K, used 155228K [0x0000000080000000, 0x000000008d900000, 0x00000000d5580000)
  object space 222208K, 69% used [0x0000000080000000,0x00000000897973a0,0x000000008d900000)
 Metaspace       used 104219K, capacity 109490K, committed 109912K, reserved 1144832K
  class space    used 13305K, capacity 14350K, committed 14464K, reserved 1048576K
Event: 207.194 GC heap after
Heap after GC invocations=23 (full 4):
 PSYoungGen      total 335360K, used 23152K [0x00000000d5580000, 0x00000000f0180000, 0x0000000100000000)
  eden space 265216K, 0% used [0x00000000d5580000,0x00000000d5580000,0x00000000e5880000)
  from space 70144K, 33% used [0x00000000e5880000,0x00000000e6f1c200,0x00000000e9d00000)
  to   space 66048K, 0% used [0x00000000ec100000,0x00000000ec100000,0x00000000f0180000)
 ParOldGen       total 222208K, used 175969K [0x0000000080000000, 0x000000008d900000, 0x00000000d5580000)
  object space 222208K, 79% used [0x0000000080000000,0x000000008abd8668,0x000000008d900000)
 Metaspace       used 104219K, capacity 109490K, committed 109912K, reserved 1144832K
  class space    used 13305K, capacity 14350K, committed 14464K, reserved 1048576K
}
Event: 210.762 GC heap before
{Heap before GC invocations=24 (full 4):
 PSYoungGen      total 335360K, used 288368K [0x00000000d5580000, 0x00000000f0180000, 0x0000000100000000)
  eden space 265216K, 100% used [0x00000000d5580000,0x00000000e5880000,0x00000000e5880000)
  from space 70144K, 33% used [0x00000000e5880000,0x00000000e6f1c200,0x00000000e9d00000)
  to   space 66048K, 0% used [0x00000000ec100000,0x00000000ec100000,0x00000000f0180000)
 ParOldGen       total 222208K, used 175969K [0x0000000080000000, 0x000000008d900000, 0x00000000d5580000)
  object space 222208K, 79% used [0x0000000080000000,0x000000008abd8668,0x000000008d900000)
 Metaspace       used 105265K, capacity 110616K, committed 111064K, reserved 1146880K
  class space    used 13392K, capacity 14423K, committed 14592K, reserved 1048576K
Event: 210.795 GC heap after
Heap after GC invocations=24 (full 4):
 PSYoungGen      total 370176K, used 42070K [0x00000000d5580000, 0x00000000f0400000, 0x0000000100000000)
  eden space 304128K, 0% used [0x00000000d5580000,0x00000000d5580000,0x00000000e7e80000)
  from space 66048K, 63% used [0x00000000ec100000,0x00000000eea159e0,0x00000000f0180000)
  to   space 68096K, 0% used [0x00000000e7e80000,0x00000000e7e80000,0x00000000ec100000)
 ParOldGen       total 222208K, used 175977K [0x0000000080000000, 0x000000008d900000, 0x00000000d5580000)
  object space 222208K, 79% used [0x0000000080000000,0x000000008abda668,0x000000008d900000)
 Metaspace       used 105265K, capacity 110616K, committed 111064K, reserved 1146880K
  class space    used 13392K, capacity 14423K, committed 14592K, reserved 1048576K
}
Event: 220.645 GC heap before
{Heap before GC invocations=25 (full 4):
 PSYoungGen      total 370176K, used 346198K [0x00000000d5580000, 0x00000000f0400000, 0x0000000100000000)
  eden space 304128K, 100% used [0x00000000d5580000,0x00000000e7e80000,0x00000000e7e80000)
  from space 66048K, 63% used [0x00000000ec100000,0x00000000eea159e0,0x00000000f0180000)
  to   space 68096K, 0% used [0x00000000e7e80000,0x00000000e7e80000,0x00000000ec100000)
 ParOldGen       total 222208K, used 175977K [0x0000000080000000, 0x000000008d900000, 0x00000000d5580000)
  object space 222208K, 79% used [0x0000000080000000,0x000000008abda668,0x000000008d900000)
 Metaspace       used 110615K, capacity 116556K, committed 116568K, reserved 1150976K
  class space    used 14094K, capacity 15224K, committed 15232K, reserved 1048576K
Event: 220.704 GC heap after
Heap after GC invocations=25 (full 4):
 PSYoungGen      total 372224K, used 67133K [0x00000000d5580000, 0x00000000f4100000, 0x0000000100000000)
  eden space 304128K, 0% used [0x00000000d5580000,0x00000000d5580000,0x00000000e7e80000)
  from space 68096K, 98% used [0x00000000e7e80000,0x00000000ec00f638,0x00000000ec100000)
  to   space 78848K, 0% used [0x00000000ef400000,0x00000000ef400000,0x00000000f4100000)
 ParOldGen       total 222208K, used 175985K [0x0000000080000000, 0x000000008d900000, 0x00000000d5580000)
  object space 222208K, 79% used [0x0000000080000000,0x000000008abdc668,0x000000008d900000)
 Metaspace       used 110615K, capacity 116556K, committed 116568K, reserved 1150976K
  class space    used 14094K, capacity 15224K, committed 15232K, reserved 1048576K
}
Event: 221.427 GC heap before
{Heap before GC invocations=26 (full 4):
 PSYoungGen      total 372224K, used 371261K [0x00000000d5580000, 0x00000000f4100000, 0x0000000100000000)
  eden space 304128K, 100% used [0x00000000d5580000,0x00000000e7e80000,0x00000000e7e80000)
  from space 68096K, 98% used [0x00000000e7e80000,0x00000000ec00f638,0x00000000ec100000)
  to   space 78848K, 0% used [0x00000000ef400000,0x00000000ef400000,0x00000000f4100000)
 ParOldGen       total 222208K, used 175985K [0x0000000080000000, 0x000000008d900000, 0x00000000d5580000)
  object space 222208K, 79% used [0x0000000080000000,0x000000008abdc668,0x000000008d900000)
 Metaspace       used 114133K, capacity 120946K, committed 121176K, reserved 1155072K
  class space    used 14662K, capacity 15939K, committed 16000K, reserved 1048576K
Event: 221.540 GC heap after
Heap after GC invocations=26 (full 4):
 PSYoungGen      total 382976K, used 78822K [0x00000000d5580000, 0x00000000f4100000, 0x0000000100000000)
  eden space 304128K, 0% used [0x00000000d5580000,0x00000000d5580000,0x00000000e7e80000)
  from space 78848K, 99% used [0x00000000ef400000,0x00000000f40f98c0,0x00000000f4100000)
  to   space 68096K, 0% used [0x00000000e7e80000,0x00000000e7e80000,0x00000000ec100000)
 ParOldGen       total 235008K, used 234934K [0x0000000080000000, 0x000000008e580000, 0x00000000d5580000)
  object space 235008K, 99% used [0x0000000080000000,0x000000008e56da88,0x000000008e580000)
 Metaspace       used 114133K, capacity 120946K, committed 121176K, reserved 1155072K
  class space    used 14662K, capacity 15939K, committed 16000K, reserved 1048576K
}
Event: 221.540 GC heap before
{Heap before GC invocations=27 (full 5):
 PSYoungGen      total 382976K, used 78822K [0x00000000d5580000, 0x00000000f4100000, 0x0000000100000000)
  eden space 304128K, 0% used [0x00000000d5580000,0x00000000d5580000,0x00000000e7e80000)
  from space 78848K, 99% used [0x00000000ef400000,0x00000000f40f98c0,0x00000000f4100000)
  to   space 68096K, 0% used [0x00000000e7e80000,0x00000000e7e80000,0x00000000ec100000)
 ParOldGen       total 235008K, used 234934K [0x0000000080000000, 0x000000008e580000, 0x00000000d5580000)
  object space 235008K, 99% used [0x0000000080000000,0x000000008e56da88,0x000000008e580000)
 Metaspace       used 114133K, capacity 120946K, committed 121176K, reserved 1155072K
  class space    used 14662K, capacity 15939K, committed 16000K, reserved 1048576K
Event: 221.799 GC heap after
Heap after GC invocations=27 (full 5):
 PSYoungGen      total 382976K, used 0K [0x00000000d5580000, 0x00000000f4100000, 0x0000000100000000)
  eden space 304128K, 0% used [0x00000000d5580000,0x00000000d5580000,0x00000000e7e80000)
  from space 78848K, 0% used [0x00000000ef400000,0x00000000ef400000,0x00000000f4100000)
  to   space 68096K, 0% used [0x00000000e7e80000,0x00000000e7e80000,0x00000000ec100000)
 ParOldGen       total 235008K, used 190934K [0x0000000080000000, 0x000000008e580000, 0x00000000d5580000)
  object space 235008K, 81% used [0x0000000080000000,0x000000008ba75b48,0x000000008e580000)
 Metaspace       used 113626K, capacity 119554K, committed 121176K, reserved 1155072K
  class space    used 14490K, capacity 15633K, committed 16000K, reserved 1048576K
}

