# JRE version: OpenJDK Runtime Environment (8.0_242-b01) (build 1.8.0_242-release-1644-b01)
# Java VM: OpenJDK 64-Bit Server VM (25.242-b01 mixed mode windows-amd64 compressed oops)
Heap:
 PSYoungGen      total 609280K, used 416984K [0x00000000d5580000, 0x0000000100000000, 0x0000000100000000)
  eden space 530432K, 75% used [0x00000000d5580000,0x00000000eda9f200,0x00000000f5b80000)
  from space 78848K, 23% used [0x00000000f5b80000,0x00000000f6d96e20,0x00000000fa880000)
  to   space 76800K, 0% used [0x00000000fb500000,0x00000000fb500000,0x0000000100000000)
 ParOldGen       total 394240K, used 313131K [0x0000000080000000, 0x0000000098100000, 0x00000000d5580000)
  object space 394240K, 79% used [0x0000000080000000,0x00000000931cace8,0x0000000098100000)
 Metaspace       used 114530K, capacity 120004K, committed 121432K, reserved 1155072K
  class space    used 14719K, capacity 15855K, committed 16256K, reserved 1048576K
GC Heap History (10 events):
Event: 41.065 GC heap before
{Heap before GC invocations=28 (full 5):
 PSYoungGen      total 477696K, used 41240K [0x00000000d5580000, 0x00000000ff400000, 0x0000000100000000)
  eden space 392704K, 0% used [0x00000000d5580000,0x00000000d5580000,0x00000000ed500000)
  from space 84992K, 48% used [0x00000000ed500000,0x00000000efd46238,0x00000000f2800000)
  to   space 83456K, 0% used [0x00000000fa280000,0x00000000fa280000,0x00000000ff400000)
 ParOldGen       total 237568K, used 236675K [0x0000000080000000, 0x000000008e800000, 0x00000000d5580000)
  object space 237568K, 99% used [0x0000000080000000,0x000000008e720c40,0x000000008e800000)
 Metaspace       used 111201K, capacity 117514K, committed 117720K, reserved 1150976K
  class space    used 14505K, capacity 15792K, committed 15872K, reserved 1048576K
Event: 41.413 GC heap after
Heap after GC invocations=28 (full 5):
 PSYoungGen      total 477696K, used 0K [0x00000000d5580000, 0x00000000ff400000, 0x0000000100000000)
  eden space 392704K, 0% used [0x00000000d5580000,0x00000000d5580000,0x00000000ed500000)
  from space 84992K, 0% used [0x00000000ed500000,0x00000000ed500000,0x00000000f2800000)
  to   space 83456K, 0% used [0x00000000fa280000,0x00000000fa280000,0x00000000ff400000)
 ParOldGen       total 394240K, used 225304K [0x0000000080000000, 0x0000000098100000, 0x00000000d5580000)
  object space 394240K, 57% used [0x0000000080000000,0x000000008dc06128,0x0000000098100000)
 Metaspace       used 110619K, capacity 116036K, committed 117720K, reserved 1150976K
  class space    used 14299K, capacity 15431K, committed 15872K, reserved 1048576K
}
Event: 41.932 GC heap before
{Heap before GC invocations=29 (full 5):
 PSYoungGen      total 477696K, used 392704K [0x00000000d5580000, 0x00000000ff400000, 0x0000000100000000)
  eden space 392704K, 100% used [0x00000000d5580000,0x00000000ed500000,0x00000000ed500000)
  from space 84992K, 0% used [0x00000000ed500000,0x00000000ed500000,0x00000000f2800000)
  to   space 83456K, 0% used [0x00000000fa280000,0x00000000fa280000,0x00000000ff400000)
 ParOldGen       total 394240K, used 225304K [0x0000000080000000, 0x0000000098100000, 0x00000000d5580000)
  object space 394240K, 57% used [0x0000000080000000,0x000000008dc06128,0x0000000098100000)
 Metaspace       used 110977K, capacity 116440K, committed 118232K, reserved 1150976K
  class space    used 14309K, capacity 15431K, committed 15872K, reserved 1048576K
Event: 41.988 GC heap after
Heap after GC invocations=29 (full 5):
 PSYoungGen      total 572416K, used 54881K [0x00000000d5580000, 0x00000000fe800000, 0x0000000100000000)
  eden space 501248K, 0% used [0x00000000d5580000,0x00000000d5580000,0x00000000f3f00000)
  from space 71168K, 77% used [0x00000000fa280000,0x00000000fd8184d0,0x00000000fe800000)
  to   space 86528K, 0% used [0x00000000f3f00000,0x00000000f3f00000,0x00000000f9380000)
 ParOldGen       total 394240K, used 225312K [0x0000000080000000, 0x0000000098100000, 0x00000000d5580000)
  object space 394240K, 57% used [0x0000000080000000,0x000000008dc08128,0x0000000098100000)
 Metaspace       used 110977K, capacity 116440K, committed 118232K, reserved 1150976K
  class space    used 14309K, capacity 15431K, committed 15872K, reserved 1048576K
}
Event: 42.620 GC heap before
{Heap before GC invocations=30 (full 5):
 PSYoungGen      total 572416K, used 556129K [0x00000000d5580000, 0x00000000fe800000, 0x0000000100000000)
  eden space 501248K, 100% used [0x00000000d5580000,0x00000000f3f00000,0x00000000f3f00000)
  from space 71168K, 77% used [0x00000000fa280000,0x00000000fd8184d0,0x00000000fe800000)
  to   space 86528K, 0% used [0x00000000f3f00000,0x00000000f3f00000,0x00000000f9380000)
 ParOldGen       total 394240K, used 225312K [0x0000000080000000, 0x0000000098100000, 0x00000000d5580000)
  object space 394240K, 57% used [0x0000000080000000,0x000000008dc08128,0x0000000098100000)
 Metaspace       used 111660K, capacity 117070K, committed 118744K, reserved 1153024K
  class space    used 14376K, capacity 15504K, committed 15872K, reserved 1048576K
Event: 42.688 GC heap after
Heap after GC invocations=30 (full 5):
 PSYoungGen      total 587776K, used 31833K [0x00000000d5580000, 0x0000000100000000, 0x0000000100000000)
  eden space 501248K, 0% used [0x00000000d5580000,0x00000000d5580000,0x00000000f3f00000)
  from space 86528K, 36% used [0x00000000f3f00000,0x00000000f5e16428,0x00000000f9380000)
  to   space 81920K, 0% used [0x00000000fb000000,0x00000000fb000000,0x0000000100000000)
 ParOldGen       total 394240K, used 276244K [0x0000000080000000, 0x0000000098100000, 0x00000000d5580000)
  object space 394240K, 70% used [0x0000000080000000,0x0000000090dc52d8,0x0000000098100000)
 Metaspace       used 111660K, capacity 117070K, committed 118744K, reserved 1153024K
  class space    used 14376K, capacity 15504K, committed 15872K, reserved 1048576K
}
Event: 43.320 GC heap before
{Heap before GC invocations=31 (full 5):
 PSYoungGen      total 587776K, used 533081K [0x00000000d5580000, 0x0000000100000000, 0x0000000100000000)
  eden space 501248K, 100% used [0x00000000d5580000,0x00000000f3f00000,0x00000000f3f00000)
  from space 86528K, 36% used [0x00000000f3f00000,0x00000000f5e16428,0x00000000f9380000)
  to   space 81920K, 0% used [0x00000000fb000000,0x00000000fb000000,0x0000000100000000)
 ParOldGen       total 394240K, used 276244K [0x0000000080000000, 0x0000000098100000, 0x00000000d5580000)
  object space 394240K, 70% used [0x0000000080000000,0x0000000090dc52d8,0x0000000098100000)
 Metaspace       used 112566K, capacity 118022K, committed 119640K, reserved 1153024K
  class space    used 14466K, capacity 15602K, committed 16000K, reserved 1048576K
Event: 43.366 GC heap after
Heap after GC invocations=31 (full 5):
 PSYoungGen      total 601600K, used 23734K [0x00000000d5580000, 0x00000000ff580000, 0x0000000100000000)
  eden space 530432K, 0% used [0x00000000d5580000,0x00000000d5580000,0x00000000f5b80000)
  from space 71168K, 33% used [0x00000000fb000000,0x00000000fc72d880,0x00000000ff580000)
  to   space 78848K, 0% used [0x00000000f5b80000,0x00000000f5b80000,0x00000000fa880000)
 ParOldGen       total 394240K, used 301274K [0x0000000080000000, 0x0000000098100000, 0x00000000d5580000)
  object space 394240K, 76% used [0x0000000080000000,0x0000000092636b78,0x0000000098100000)
 Metaspace       used 112566K, capacity 118022K, committed 119640K, reserved 1153024K
  class space    used 14466K, capacity 15602K, committed 16000K, reserved 1048576K
}
Event: 44.211 GC heap before
{Heap before GC invocations=32 (full 5):
 PSYoungGen      total 601600K, used 554166K [0x00000000d5580000, 0x00000000ff580000, 0x0000000100000000)
  eden space 530432K, 100% used [0x00000000d5580000,0x00000000f5b80000,0x00000000f5b80000)
  from space 71168K, 33% used [0x00000000fb000000,0x00000000fc72d880,0x00000000ff580000)
  to   space 78848K, 0% used [0x00000000f5b80000,0x00000000f5b80000,0x00000000fa880000)
 ParOldGen       total 394240K, used 301274K [0x0000000080000000, 0x0000000098100000, 0x00000000d5580000)
  object space 394240K, 76% used [0x0000000080000000,0x0000000092636b78,0x0000000098100000)
 Metaspace       used 113464K, capacity 118976K, committed 120536K, reserved 1153024K
  class space    used 14577K, capacity 15699K, committed 16128K, reserved 1048576K
Event: 44.245 GC heap after
Heap after GC invocations=32 (full 5):
 PSYoungGen      total 609280K, used 18523K [0x00000000d5580000, 0x0000000100000000, 0x0000000100000000)
  eden space 530432K, 0% used [0x00000000d5580000,0x00000000d5580000,0x00000000f5b80000)
  from space 78848K, 23% used [0x00000000f5b80000,0x00000000f6d96e20,0x00000000fa880000)
  to   space 76800K, 0% used [0x00000000fb500000,0x00000000fb500000,0x0000000100000000)
 ParOldGen       total 394240K, used 313131K [0x0000000080000000, 0x0000000098100000, 0x00000000d5580000)
  object space 394240K, 79% used [0x0000000080000000,0x00000000931cace8,0x0000000098100000)
 Metaspace       used 113464K, capacity 118976K, committed 120536K, reserved 1153024K
  class space    used 14577K, capacity 15699K, committed 16128K, reserved 1048576K
}

