# JRE version: OpenJDK Runtime Environment (8.0_242-b01) (build 1.8.0_242-release-1644-b01)
# Java VM: OpenJDK 64-Bit Server VM (25.242-b01 mixed mode windows-amd64 compressed oops)
Heap:
 PSYoungGen      total 568320K, used 383667K [0x00000000d5580000, 0x00000000ffb80000, 0x0000000100000000)
  eden space 547840K, 66% used [0x00000000d5580000,0x00000000eb8446e8,0x00000000f6c80000)
  from space 20480K, 99% used [0x00000000f6c80000,0x00000000f8068910,0x00000000f8080000)
  to   space 73216K, 0% used [0x00000000fb400000,0x00000000fb400000,0x00000000ffb80000)
 ParOldGen       total 387072K, used 313221K [0x0000000080000000, 0x0000000097a00000, 0x00000000d5580000)
  object space 387072K, 80% used [0x0000000080000000,0x00000000931e1710,0x0000000097a00000)
 Metaspace       used 94190K, capacity 99638K, committed 100568K, reserved 1136640K
  class space    used 12562K, capacity 13638K, committed 14080K, reserved 1048576K
GC Heap History (10 events):
Event: 31.363 GC heap before
{Heap before GC invocations=42 (full 5):
 PSYoungGen      total 624640K, used 574972K [0x00000000d5580000, 0x00000000ffd80000, 0x0000000100000000)
  eden space 555008K, 100% used [0x00000000d5580000,0x00000000f7380000,0x00000000f7380000)
  from space 69632K, 28% used [0x00000000fb980000,0x00000000fccff1a8,0x00000000ffd80000)
  to   space 70656K, 0% used [0x00000000f7380000,0x00000000f7380000,0x00000000fb880000)
 ParOldGen       total 387072K, used 313205K [0x0000000080000000, 0x0000000097a00000, 0x00000000d5580000)
  object space 387072K, 80% used [0x0000000080000000,0x00000000931dd710,0x0000000097a00000)
 Metaspace       used 93091K, capacity 98246K, committed 99672K, reserved 1134592K
  class space    used 12447K, capacity 13468K, committed 13952K, reserved 1048576K
Event: 31.407 GC heap after
Heap after GC invocations=42 (full 5):
 PSYoungGen      total 625664K, used 47936K [0x00000000d5580000, 0x0000000100000000, 0x0000000100000000)
  eden space 555008K, 0% used [0x00000000d5580000,0x00000000d5580000,0x00000000f7380000)
  from space 70656K, 67% used [0x00000000f7380000,0x00000000fa2502f8,0x00000000fb880000)
  to   space 72704K, 0% used [0x00000000fb900000,0x00000000fb900000,0x0000000100000000)
 ParOldGen       total 387072K, used 313213K [0x0000000080000000, 0x0000000097a00000, 0x00000000d5580000)
  object space 387072K, 80% used [0x0000000080000000,0x00000000931df710,0x0000000097a00000)
 Metaspace       used 93091K, capacity 98246K, committed 99672K, reserved 1134592K
  class space    used 12447K, capacity 13468K, committed 13952K, reserved 1048576K
}
Event: 32.686 GC heap before
{Heap before GC invocations=43 (full 5):
 PSYoungGen      total 625664K, used 602944K [0x00000000d5580000, 0x0000000100000000, 0x0000000100000000)
  eden space 555008K, 100% used [0x00000000d5580000,0x00000000f7380000,0x00000000f7380000)
  from space 70656K, 67% used [0x00000000f7380000,0x00000000fa2502f8,0x00000000fb880000)
  to   space 72704K, 0% used [0x00000000fb900000,0x00000000fb900000,0x0000000100000000)
 ParOldGen       total 387072K, used 313213K [0x0000000080000000, 0x0000000097a00000, 0x00000000d5580000)
  object space 387072K, 80% used [0x0000000080000000,0x00000000931df710,0x0000000097a00000)
 Metaspace       used 93137K, capacity 98260K, committed 99672K, reserved 1134592K
  class space    used 12448K, capacity 13469K, committed 13952K, reserved 1048576K
Event: 32.730 GC heap after
Heap after GC invocations=43 (full 5):
 PSYoungGen      total 624128K, used 48176K [0x00000000d5580000, 0x0000000100000000, 0x0000000100000000)
  eden space 551424K, 0% used [0x00000000d5580000,0x00000000d5580000,0x00000000f7000000)
  from space 72704K, 66% used [0x00000000fb900000,0x00000000fe80c340,0x0000000100000000)
  to   space 73728K, 0% used [0x00000000f7000000,0x00000000f7000000,0x00000000fb800000)
 ParOldGen       total 387072K, used 313213K [0x0000000080000000, 0x0000000097a00000, 0x00000000d5580000)
  object space 387072K, 80% used [0x0000000080000000,0x00000000931df710,0x0000000097a00000)
 Metaspace       used 93137K, capacity 98260K, committed 99672K, reserved 1134592K
  class space    used 12448K, capacity 13469K, committed 13952K, reserved 1048576K
}
Event: 33.620 GC heap before
{Heap before GC invocations=44 (full 5):
 PSYoungGen      total 624128K, used 599600K [0x00000000d5580000, 0x0000000100000000, 0x0000000100000000)
  eden space 551424K, 100% used [0x00000000d5580000,0x00000000f7000000,0x00000000f7000000)
  from space 72704K, 66% used [0x00000000fb900000,0x00000000fe80c340,0x0000000100000000)
  to   space 73728K, 0% used [0x00000000f7000000,0x00000000f7000000,0x00000000fb800000)
 ParOldGen       total 387072K, used 313213K [0x0000000080000000, 0x0000000097a00000, 0x00000000d5580000)
  object space 387072K, 80% used [0x0000000080000000,0x00000000931df710,0x0000000097a00000)
 Metaspace       used 93154K, capacity 98268K, committed 99672K, reserved 1134592K
  class space    used 12448K, capacity 13469K, committed 13952K, reserved 1048576K
Event: 33.664 GC heap after
Heap after GC invocations=44 (full 5):
 PSYoungGen      total 607744K, used 56027K [0x00000000d5580000, 0x0000000100000000, 0x0000000100000000)
  eden space 551424K, 0% used [0x00000000d5580000,0x00000000d5580000,0x00000000f7000000)
  from space 56320K, 99% used [0x00000000f7000000,0x00000000fa6b6c20,0x00000000fa700000)
  to   space 77312K, 0% used [0x00000000fb480000,0x00000000fb480000,0x0000000100000000)
 ParOldGen       total 387072K, used 313213K [0x0000000080000000, 0x0000000097a00000, 0x00000000d5580000)
  object space 387072K, 80% used [0x0000000080000000,0x00000000931df710,0x0000000097a00000)
 Metaspace       used 93154K, capacity 98268K, committed 99672K, reserved 1134592K
  class space    used 12448K, capacity 13469K, committed 13952K, reserved 1048576K
}
Event: 34.398 GC heap before
{Heap before GC invocations=45 (full 5):
 PSYoungGen      total 607744K, used 607451K [0x00000000d5580000, 0x0000000100000000, 0x0000000100000000)
  eden space 551424K, 100% used [0x00000000d5580000,0x00000000f7000000,0x00000000f7000000)
  from space 56320K, 99% used [0x00000000f7000000,0x00000000fa6b6c20,0x00000000fa700000)
  to   space 77312K, 0% used [0x00000000fb480000,0x00000000fb480000,0x0000000100000000)
 ParOldGen       total 387072K, used 313213K [0x0000000080000000, 0x0000000097a00000, 0x00000000d5580000)
  object space 387072K, 80% used [0x0000000080000000,0x00000000931df710,0x0000000097a00000)
 Metaspace       used 93168K, capacity 98270K, committed 99672K, reserved 1134592K
  class space    used 12449K, capacity 13470K, committed 13952K, reserved 1048576K
Event: 34.425 GC heap after
Heap after GC invocations=45 (full 5):
 PSYoungGen      total 625152K, used 36611K [0x00000000d5580000, 0x0000000100000000, 0x0000000100000000)
  eden space 547840K, 0% used [0x00000000d5580000,0x00000000d5580000,0x00000000f6c80000)
  from space 77312K, 47% used [0x00000000fb480000,0x00000000fd840e28,0x0000000100000000)
  to   space 73728K, 0% used [0x00000000f6c80000,0x00000000f6c80000,0x00000000fb480000)
 ParOldGen       total 387072K, used 313213K [0x0000000080000000, 0x0000000097a00000, 0x00000000d5580000)
  object space 387072K, 80% used [0x0000000080000000,0x00000000931df710,0x0000000097a00000)
 Metaspace       used 93168K, capacity 98270K, committed 99672K, reserved 1134592K
  class space    used 12449K, capacity 13470K, committed 13952K, reserved 1048576K
}
Event: 35.676 GC heap before
{Heap before GC invocations=46 (full 5):
 PSYoungGen      total 625152K, used 584451K [0x00000000d5580000, 0x0000000100000000, 0x0000000100000000)
  eden space 547840K, 100% used [0x00000000d5580000,0x00000000f6c80000,0x00000000f6c80000)
  from space 77312K, 47% used [0x00000000fb480000,0x00000000fd840e28,0x0000000100000000)
  to   space 73728K, 0% used [0x00000000f6c80000,0x00000000f6c80000,0x00000000fb480000)
 ParOldGen       total 387072K, used 313213K [0x0000000080000000, 0x0000000097a00000, 0x00000000d5580000)
  object space 387072K, 80% used [0x0000000080000000,0x00000000931df710,0x0000000097a00000)
 Metaspace       used 93211K, capacity 98334K, committed 99672K, reserved 1134592K
  class space    used 12450K, capacity 13470K, committed 13952K, reserved 1048576K
Event: 35.695 GC heap after
Heap after GC invocations=46 (full 5):
 PSYoungGen      total 568320K, used 20386K [0x00000000d5580000, 0x00000000ffb80000, 0x0000000100000000)
  eden space 547840K, 0% used [0x00000000d5580000,0x00000000d5580000,0x00000000f6c80000)
  from space 20480K, 99% used [0x00000000f6c80000,0x00000000f8068910,0x00000000f8080000)
  to   space 73216K, 0% used [0x00000000fb400000,0x00000000fb400000,0x00000000ffb80000)
 ParOldGen       total 387072K, used 313221K [0x0000000080000000, 0x0000000097a00000, 0x00000000d5580000)
  object space 387072K, 80% used [0x0000000080000000,0x00000000931e1710,0x0000000097a00000)
 Metaspace       used 93211K, capacity 98334K, committed 99672K, reserved 1134592K
  class space    used 12450K, capacity 13470K, committed 13952K, reserved 1048576K
}

